2024/06/22 19:00:33 /Users/liaochuntao/Github/grpc-go-polaris/logger.go:104: [Polaris][Balancer] start to build polaris balancer
2024/06/22 19:00:33 /Users/liaochuntao/Github/grpc-go-polaris/logger.go:104: fail to do update service QuickStartEchoServerGRPC: bad resolver state
2024/06/22 19:00:38 /Users/liaochuntao/Github/grpc-go-polaris/logger.go:104: fail to do update service QuickStartEchoServerGRPC: bad resolver state
2024/06/22 19:00:40 /Users/liaochuntao/Github/grpc-go-polaris/logger.go:104: [Polaris][Balancer] handle SubConn state change: 0x140003ef140, CONNECTING
2024/06/22 19:00:40 /Users/liaochuntao/Github/grpc-go-polaris/logger.go:104: [Polaris][Balancer] handle SubConn state change: 0x140003ef140, READY
2024/06/22 19:01:20 /Users/liaochuntao/Github/grpc-go-polaris/logger.go:104: [Polaris][Balancer] handle SubConn state change: 0x140003ef140, IDLE
2024/06/22 19:01:20 /Users/liaochuntao/Github/grpc-go-polaris/logger.go:104: [Polaris][Balancer] handle SubConn state change: 0x140003ef140, CONNECTING
2024/06/22 19:01:20 /Users/liaochuntao/Github/grpc-go-polaris/logger.go:104: [Polaris][Balancer] handle SubConn state change: 0x140003ef140, TRANSIENT_FAILURE
2024/06/22 19:01:21 /Users/liaochuntao/Github/grpc-go-polaris/logger.go:104: [Polaris][Balancer] handle SubConn state change: 0x140003ef140, IDLE
2024/06/22 19:01:21 /Users/liaochuntao/Github/grpc-go-polaris/logger.go:104: [Polaris][Balancer] handle SubConn state change: 0x140003ef140, CONNECTING
2024/06/22 19:01:21 /Users/liaochuntao/Github/grpc-go-polaris/logger.go:104: [Polaris][Balancer] handle SubConn state change: 0x140003ef140, TRANSIENT_FAILURE
2024/06/22 19:01:22 /Users/liaochuntao/Github/grpc-go-polaris/logger.go:104: fail to do update service QuickStartEchoServerGRPC: bad resolver state
2024/06/22 19:01:22 /Users/liaochuntao/Github/grpc-go-polaris/logger.go:104: [Polaris][Balancer] handle SubConn state change: 0x140003ef140, IDLE
2024/06/22 19:01:22 /Users/liaochuntao/Github/grpc-go-polaris/logger.go:104: [Polaris][Balancer] handle SubConn state change: 0x140003ef140, CONNECTING
2024/06/22 19:01:22 /Users/liaochuntao/Github/grpc-go-polaris/logger.go:104: [Polaris][Balancer] handle SubConn state change: 0x140003ef140, TRANSIENT_FAILURE
2024/06/22 19:01:22 /Users/liaochuntao/Github/grpc-go-polaris/logger.go:104: fail to do update service QuickStartEchoServerGRPC: bad resolver state
2024/06/22 19:01:24 logger.go:104: [Polaris][Balancer] start to build polaris balancer
2024/06/22 19:01:24 logger.go:104: fail to do update service QuickStartEchoServerGRPC: bad resolver state
2024/06/22 19:01:29 logger.go:104: fail to do update service QuickStartEchoServerGRPC: bad resolver state
2024/06/22 19:01:34 logger.go:104: fail to do update service QuickStartEchoServerGRPC: bad resolver state
2024/06/22 19:01:34 logger.go:104: [Polaris][Balancer] handle SubConn state change: 0x140002a9500, CONNECTING
2024/06/22 19:01:34 logger.go:104: [Polaris][Balancer] handle SubConn state change: 0x140002a9500, READY
2024/06/22 19:03:21 logger.go:104: [Polaris][Balancer] handle SubConn state change: 0x140002a9500, IDLE
2024/06/22 19:03:21 logger.go:104: [Polaris][Balancer] handle SubConn state change: 0x140002a9500, CONNECTING
2024/06/22 19:03:21 logger.go:104: [Polaris][Balancer] handle SubConn state change: 0x140002a9500, TRANSIENT_FAILURE
2024/06/22 19:03:22 logger.go:104: [Polaris][Balancer] handle SubConn state change: 0x140002a9500, IDLE
2024/06/22 19:03:22 logger.go:104: [Polaris][Balancer] handle SubConn state change: 0x140002a9500, CONNECTING
2024/06/22 19:03:22 logger.go:104: [Polaris][Balancer] handle SubConn state change: 0x140002a9500, TRANSIENT_FAILURE
2024/06/22 19:03:25 logger.go:95: [Polaris][Balancer] start to build polaris balancer
2024/06/22 19:03:25 logger.go:111: fail to do update service QuickStartEchoServerGRPC: bad resolver state
2024/06/22 19:03:30 logger.go:111: fail to do update service QuickStartEchoServerGRPC: bad resolver state
2024/06/22 19:03:34 logger.go:95: [Polaris][Balancer] handle SubConn state change: 0x140004959e0, CONNECTING
2024/06/22 19:03:34 logger.go:95: [Polaris][Balancer] handle SubConn state change: 0x140004959e0, READY
2024/06/22 19:05:55 logger.go:95: [Polaris][Balancer] handle SubConn state change: 0x140004959e0, IDLE
2024/06/22 19:05:55 logger.go:95: [Polaris][Balancer] handle SubConn state change: 0x140004959e0, CONNECTING
2024/06/22 19:05:55 logger.go:95: [Polaris][Balancer] handle SubConn state change: 0x140004959e0, TRANSIENT_FAILURE
2024/06/22 19:05:56 logger.go:95: [Polaris][Balancer] handle SubConn state change: 0x140004959e0, IDLE
2024/06/22 19:05:56 logger.go:95: [Polaris][Balancer] handle SubConn state change: 0x140004959e0, CONNECTING
2024/06/22 19:05:56 logger.go:95: [Polaris][Balancer] handle SubConn state change: 0x140004959e0, TRANSIENT_FAILURE
2024/06/22 19:05:57 logger.go:111: fail to do update service QuickStartEchoServerGRPC: bad resolver state
2024/06/22 19:06:00 logger.go:88: [Polaris][Balancer] start to build polaris balancer
2024/06/22 19:06:00 logger.go:97: fail to do update service QuickStartEchoServerGRPC: bad resolver state
2024/06/22 19:06:05 logger.go:97: fail to do update service QuickStartEchoServerGRPC: bad resolver state
2024/06/22 19:06:10 logger.go:97: fail to do update service QuickStartEchoServerGRPC: bad resolver state
2024/06/22 19:06:13 logger.go:88: [Polaris][Balancer] handle SubConn state change: 0x14000374600, CONNECTING
2024/06/22 19:06:13 logger.go:88: [Polaris][Balancer] handle SubConn state change: 0x14000374600, READY
2024/06/22 19:06:30 balancer.go:74: [Polaris][Balancer] start to build polaris balancer
2024/06/22 19:06:30 balancer.go:257: [Polaris][Balancer] handle SubConn state change: 0x140000bd0b0, CONNECTING
2024/06/22 19:06:30 balancer.go:257: [Polaris][Balancer] handle SubConn state change: 0x140000bd0b0, READY
2024/06/22 19:06:37 balancer.go:257: [Polaris][Balancer] handle SubConn state change: 0x140000bd0b0, IDLE
2024/06/22 19:06:37 balancer.go:257: [Polaris][Balancer] handle SubConn state change: 0x140000bd0b0, CONNECTING
2024/06/22 19:06:37 balancer.go:257: [Polaris][Balancer] handle SubConn state change: 0x140000bd0b0, TRANSIENT_FAILURE
2024/06/22 19:06:38 balancer.go:257: [Polaris][Balancer] handle SubConn state change: 0x140000bd0b0, IDLE
2024/06/22 19:06:38 balancer.go:257: [Polaris][Balancer] handle SubConn state change: 0x140000bd0b0, CONNECTING
2024/06/22 19:06:38 balancer.go:257: [Polaris][Balancer] handle SubConn state change: 0x140000bd0b0, TRANSIENT_FAILURE
